[INFO] Starting full pipeline run... 
C:\Users\Shivam Gupta\OneDrive\Documents\Shivam_Developement\BatchEtlPyspark-20250723\.venv\Scripts\python.exe
C:\Users\Shivam Gupta\AppData\Local\Programs\Python\Python311\python.exe
C:\Users\Public\Python\Python311\python.exe
C:\Users\Shivam Gupta\AppData\Local\Microsoft\WindowsApps\python.exe
[DEBUG] Python used: C:\Users\Shivam Gupta\OneDrive\Documents\Shivam_Developement\BatchEtlPyspark-20250723\.venv\Scripts\python.exe
[INFO] Installing dependencies... 
Requirement already satisfied: pip in c:\users\shivam gupta\onedrive\documents\shivam_developement\batchetlpyspark-20250723\.venv\lib\site-packages (24.0)
Collecting pip
  Using cached pip-25.1.1-py3-none-any.whl.metadata (3.6 kB)
Using cached pip-25.1.1-py3-none-any.whl (1.8 MB)
Requirement already satisfied: PySpark==3.5.1 in c:\users\shivam gupta\onedrive\documents\shivam_developement\batchetlpyspark-20250723\.venv\lib\site-packages (from -r requirements.txt (line 1)) (3.5.1)
Requirement already satisfied: pandas==2.2.2 in c:\users\shivam gupta\onedrive\documents\shivam_developement\batchetlpyspark-20250723\.venv\lib\site-packages (from -r requirements.txt (line 2)) (2.2.2)
Requirement already satisfied: numpy==1.26.4 in c:\users\shivam gupta\onedrive\documents\shivam_developement\batchetlpyspark-20250723\.venv\lib\site-packages (from -r requirements.txt (line 3)) (1.26.4)
Requirement already satisfied: pyarrow==15.0.2 in c:\users\shivam gupta\onedrive\documents\shivam_developement\batchetlpyspark-20250723\.venv\lib\site-packages (from -r requirements.txt (line 4)) (15.0.2)
Requirement already satisfied: apache-airflow==2.9.1 in c:\users\shivam gupta\onedrive\documents\shivam_developement\batchetlpyspark-20250723\.venv\lib\site-packages (from -r requirements.txt (line 5)) (2.9.1)
Requirement already satisfied: matplotlib==3.8.4 in c:\users\shivam gupta\onedrive\documents\shivam_developement\batchetlpyspark-20250723\.venv\lib\site-packages (from -r requirements.txt (line 6)) (3.8.4)
Requirement already satisfied: seaborn==0.13.2 in c:\users\shivam gupta\onedrive\documents\shivam_developement\batchetlpyspark-20250723\.venv\lib\site-packages (from -r requirements.txt (line 7)) (0.13.2)
Requirement already satisfied: scikit-learn==1.4.2 in c:\users\shivam gupta\onedrive\documents\shivam_developement\batchetlpyspark-20250723\.venv\lib\site-packages (from -r requirements.txt (line 8)) (1.4.2)
Requirement already satisfied: pytest==8.2.1 in c:\users\shivam gupta\onedrive\documents\shivam_developement\batchetlpyspark-20250723\.venv\lib\site-packages (from -r requirements.txt (line 9)) (8.2.1)
Requirement already satisfied: pytest-cov==4.1.0 in c:\users\shivam gupta\onedrive\documents\shivam_developement\batchetlpyspark-20250723\.venv\lib\site-packages (from -r requirements.txt (line 10)) (4.1.0)
Requirement already satisfied: python-dotenv>=1.0.0 in c:\users\shivam gupta\onedrive\documents\shivam_developement\batchetlpyspark-20250723\.venv\lib\site-packages (from -r requirements.txt (line 11)) (1.1.1)
Requirement already satisfied: apache-airflow-providers-papermill in c:\users\shivam gupta\onedrive\documents\shivam_developement\batchetlpyspark-20250723\.venv\lib\site-packages (from -r requirements.txt (line 12)) (3.7.1)
Requirement already satisfied: dotenv-linter in c:\users\shivam gupta\onedrive\documents\shivam_developement\batchetlpyspark-20250723\.venv\lib\site-packages (from -r requirements.txt (line 13)) (0.7.0)
Requirement already satisfied: py4j==0.10.9.7 in c:\users\shivam gupta\onedrive\documents\shivam_developement\batchetlpyspark-20250723\.venv\lib\site-packages (from PySpark==3.5.1->-r requirements.txt (line 1)) (0.10.9.7)
Requirement already satisfied: python-dateutil>=2.8.2 in c:\users\shivam gupta\onedrive\documents\shivam_developement\batchetlpyspark-20250723\.venv\lib\site-packages (from pandas==2.2.2->-r requirements.txt (line 2)) (2.9.0.post0)
Requirement already satisfied: pytz>=2020.1 in c:\users\shivam gupta\onedrive\documents\shivam_developement\batchetlpyspark-20250723\.venv\lib\site-packages (from pandas==2.2.2->-r requirements.txt (line 2)) (2025.2)
Requirement already satisfied: tzdata>=2022.7 in c:\users\shivam gupta\onedrive\documents\shivam_developement\batchetlpyspark-20250723\.venv\lib\site-packages (from pandas==2.2.2->-r requirements.txt (line 2)) (2025.2)
Requirement already satisfied: alembic<2.0,>=1.13.1 in c:\users\shivam gupta\onedrive\documents\shivam_developement\batchetlpyspark-20250723\.venv\lib\site-packages (from apache-airflow==2.9.1->-r requirements.txt (line 5)) (1.16.4)
Requirement already satisfied: argcomplete>=1.10 in c:\users\shivam gupta\onedrive\documents\shivam_developement\batchetlpyspark-20250723\.venv\lib\site-packages (from apache-airflow==2.9.1->-r requirements.txt (line 5)) (3.6.2)
Requirement already satisfied: asgiref in c:\users\shivam gupta\onedrive\documents\shivam_developement\batchetlpyspark-20250723\.venv\lib\site-packages (from apache-airflow==2.9.1->-r requirements.txt (line 5)) (3.9.1)
Requirement already satisfied: attrs>=22.1.0 in c:\users\shivam gupta\onedrive\documents\shivam_developement\batchetlpyspark-20250723\.venv\lib\site-packages (from apache-airflow==2.9.1->-r requirements.txt (line 5)) (25.3.0)
Requirement already satisfied: blinker>=1.6.2 in c:\users\shivam gupta\onedrive\documents\shivam_developement\batchetlpyspark-20250723\.venv\lib\site-packages (from apache-airflow==2.9.1->-r requirements.txt (line 5)) (1.9.0)
Requirement already satisfied: colorlog<5.0,>=4.0.2 in c:\users\shivam gupta\onedrive\documents\shivam_developement\batchetlpyspark-20250723\.venv\lib\site-packages (from apache-airflow==2.9.1->-r requirements.txt (line 5)) (4.8.0)
Requirement already satisfied: configupdater>=3.1.1 in c:\users\shivam gupta\onedrive\documents\shivam_developement\batchetlpyspark-20250723\.venv\lib\site-packages (from apache-airflow==2.9.1->-r requirements.txt (line 5)) (3.2)
Requirement already satisfied: connexion<3.0,>=2.10.0 in c:\users\shivam gupta\onedrive\documents\shivam_developement\batchetlpyspark-20250723\.venv\lib\site-packages (from connexion[flask]<3.0,>=2.10.0->apache-airflow==2.9.1->-r requirements.txt (line 5)) (2.14.2)
Requirement already satisfied: cron-descriptor>=1.2.24 in c:\users\shivam gupta\onedrive\documents\shivam_developement\batchetlpyspark-20250723\.venv\lib\site-packages (from apache-airflow==2.9.1->-r requirements.txt (line 5)) (1.4.5)
Requirement already satisfied: croniter>=2.0.2 in c:\users\shivam gupta\onedrive\documents\shivam_developement\batchetlpyspark-20250723\.venv\lib\site-packages (from apache-airflow==2.9.1->-r requirements.txt (line 5)) (6.0.0)
Requirement already satisfied: cryptography>=39.0.0 in c:\users\shivam gupta\onedrive\documents\shivam_developement\batchetlpyspark-20250723\.venv\lib\site-packages (from apache-airflow==2.9.1->-r requirements.txt (line 5)) (45.0.5)
Requirement already satisfied: deprecated>=1.2.13 in c:\users\shivam gupta\onedrive\documents\shivam_developement\batchetlpyspark-20250723\.venv\lib\site-packages (from apache-airflow==2.9.1->-r requirements.txt (line 5)) (1.2.18)
Requirement already satisfied: dill>=0.2.2 in c:\users\shivam gupta\onedrive\documents\shivam_developement\batchetlpyspark-20250723\.venv\lib\site-packages (from apache-airflow==2.9.1->-r requirements.txt (line 5)) (0.4.0)
Requirement already satisfied: flask-caching>=1.5.0 in c:\users\shivam gupta\onedrive\documents\shivam_developement\batchetlpyspark-20250723\.venv\lib\site-packages (from apache-airflow==2.9.1->-r requirements.txt (line 5)) (2.3.1)
Requirement already satisfied: flask-session<0.6,>=0.4.0 in c:\users\shivam gupta\onedrive\documents\shivam_developement\batchetlpyspark-20250723\.venv\lib\site-packages (from apache-airflow==2.9.1->-r requirements.txt (line 5)) (0.5.0)
Requirement already satisfied: flask-wtf>=0.15 in c:\users\shivam gupta\onedrive\documents\shivam_developement\batchetlpyspark-20250723\.venv\lib\site-packages (from apache-airflow==2.9.1->-r requirements.txt (line 5)) (1.2.2)
Requirement already satisfied: flask<2.3,>=2.2 in c:\users\shivam gupta\onedrive\documents\shivam_developement\batchetlpyspark-20250723\.venv\lib\site-packages (from apache-airflow==2.9.1->-r requirements.txt (line 5)) (2.2.5)
Requirement already satisfied: fsspec>=2023.10.0 in c:\users\shivam gupta\onedrive\documents\shivam_developement\batchetlpyspark-20250723\.venv\lib\site-packages (from apache-airflow==2.9.1->-r requirements.txt (line 5)) (2025.7.0)
Requirement already satisfied: google-re2>=1.0 in c:\users\shivam gupta\onedrive\documents\shivam_developement\batchetlpyspark-20250723\.venv\lib\site-packages (from apache-airflow==2.9.1->-r requirements.txt (line 5)) (1.1.20240702)
Requirement already satisfied: gunicorn>=20.1.0 in c:\users\shivam gupta\onedrive\documents\shivam_developement\batchetlpyspark-20250723\.venv\lib\site-packages (from apache-airflow==2.9.1->-r requirements.txt (line 5)) (23.0.0)
Requirement already satisfied: httpx in c:\users\shivam gupta\onedrive\documents\shivam_developement\batchetlpyspark-20250723\.venv\lib\site-packages (from apache-airflow==2.9.1->-r requirements.txt (line 5)) (0.28.1)
Requirement already satisfied: importlib_metadata>=6.5 in c:\users\shivam gupta\onedrive\documents\shivam_developement\batchetlpyspark-20250723\.venv\lib\site-packages (from apache-airflow==2.9.1->-r requirements.txt (line 5)) (8.7.0)
Requirement already satisfied: itsdangerous>=2.0 in c:\users\shivam gupta\onedrive\documents\shivam_developement\batchetlpyspark-20250723\.venv\lib\site-packages (from apache-airflow==2.9.1->-r requirements.txt (line 5)) (2.2.0)
Requirement already satisfied: jinja2>=3.0.0 in c:\users\shivam gupta\onedrive\documents\shivam_developement\batchetlpyspark-20250723\.venv\lib\site-packages (from apache-airflow==2.9.1->-r requirements.txt (line 5)) (3.1.6)
Requirement already satisfied: jsonschema>=4.18.0 in c:\users\shivam gupta\onedrive\documents\shivam_developement\batchetlpyspark-20250723\.venv\lib\site-packages (from apache-airflow==2.9.1->-r requirements.txt (line 5)) (4.25.0)
Requirement already satisfied: lazy-object-proxy in c:\users\shivam gupta\onedrive\documents\shivam_developement\batchetlpyspark-20250723\.venv\lib\site-packages (from apache-airflow==2.9.1->-r requirements.txt (line 5)) (1.11.0)
Requirement already satisfied: linkify-it-py>=2.0.0 in c:\users\shivam gupta\onedrive\documents\shivam_developement\batchetlpyspark-20250723\.venv\lib\site-packages (from apache-airflow==2.9.1->-r requirements.txt (line 5)) (2.0.3)
Requirement already satisfied: lockfile>=0.12.2 in c:\users\shivam gupta\onedrive\documents\shivam_developement\batchetlpyspark-20250723\.venv\lib\site-packages (from apache-airflow==2.9.1->-r requirements.txt (line 5)) (0.12.2)
Requirement already satisfied: markdown-it-py>=2.1.0 in c:\users\shivam gupta\onedrive\documents\shivam_developement\batchetlpyspark-20250723\.venv\lib\site-packages (from apache-airflow==2.9.1->-r requirements.txt (line 5)) (3.0.0)
Requirement already satisfied: markupsafe>=1.1.1 in c:\users\shivam gupta\onedrive\documents\shivam_developement\batchetlpyspark-20250723\.venv\lib\site-packages (from apache-airflow==2.9.1->-r requirements.txt (line 5)) (3.0.2)
Requirement already satisfied: marshmallow-oneofschema>=2.0.1 in c:\users\shivam gupta\onedrive\documents\shivam_developement\batchetlpyspark-20250723\.venv\lib\site-packages (from apache-airflow==2.9.1->-r requirements.txt (line 5)) (3.2.0)
Requirement already satisfied: mdit-py-plugins>=0.3.0 in c:\users\shivam gupta\onedrive\documents\shivam_developement\batchetlpyspark-20250723\.venv\lib\site-packages (from apache-airflow==2.9.1->-r requirements.txt (line 5)) (0.4.2)
Requirement already satisfied: methodtools>=0.4.7 in c:\users\shivam gupta\onedrive\documents\shivam_developement\batchetlpyspark-20250723\.venv\lib\site-packages (from apache-airflow==2.9.1->-r requirements.txt (line 5)) (0.4.7)
Requirement already satisfied: opentelemetry-api>=1.15.0 in c:\users\shivam gupta\onedrive\documents\shivam_developement\batchetlpyspark-20250723\.venv\lib\site-packages (from apache-airflow==2.9.1->-r requirements.txt (line 5)) (1.35.0)
Requirement already satisfied: opentelemetry-exporter-otlp in c:\users\shivam gupta\onedrive\documents\shivam_developement\batchetlpyspark-20250723\.venv\lib\site-packages (from apache-airflow==2.9.1->-r requirements.txt (line 5)) (1.35.0)
Requirement already satisfied: packaging>=14.0 in c:\users\shivam gupta\onedrive\documents\shivam_developement\batchetlpyspark-20250723\.venv\lib\site-packages (from apache-airflow==2.9.1->-r requirements.txt (line 5)) (25.0)
Requirement already satisfied: pathspec>=0.9.0 in c:\users\shivam gupta\onedrive\documents\shivam_developement\batchetlpyspark-20250723\.venv\lib\site-packages (from apache-airflow==2.9.1->-r requirements.txt (line 5)) (0.12.1)
Requirement already satisfied: pendulum<4.0,>=2.1.2 in c:\users\shivam gupta\onedrive\documents\shivam_developement\batchetlpyspark-20250723\.venv\lib\site-packages (from apache-airflow==2.9.1->-r requirements.txt (line 5)) (3.1.0)
Requirement already satisfied: pluggy>=1.0 in c:\users\shivam gupta\onedrive\documents\shivam_developement\batchetlpyspark-20250723\.venv\lib\site-packages (from apache-airflow==2.9.1->-r requirements.txt (line 5)) (1.6.0)
Requirement already satisfied: psutil>=4.2.0 in c:\users\shivam gupta\onedrive\documents\shivam_developement\batchetlpyspark-20250723\.venv\lib\site-packages (from apache-airflow==2.9.1->-r requirements.txt (line 5)) (7.0.0)
Requirement already satisfied: pygments>=2.0.1 in c:\users\shivam gupta\onedrive\documents\shivam_developement\batchetlpyspark-20250723\.venv\lib\site-packages (from apache-airflow==2.9.1->-r requirements.txt (line 5)) (2.19.2)
Requirement already satisfied: pyjwt>=2.0.0 in c:\users\shivam gupta\onedrive\documents\shivam_developement\batchetlpyspark-20250723\.venv\lib\site-packages (from apache-airflow==2.9.1->-r requirements.txt (line 5)) (2.10.1)
Requirement already satisfied: python-daemon>=3.0.0 in c:\users\shivam gupta\onedrive\documents\shivam_developement\batchetlpyspark-20250723\.venv\lib\site-packages (from apache-airflow==2.9.1->-r requirements.txt (line 5)) (3.1.2)
Requirement already satisfied: python-nvd3>=0.15.0 in c:\users\shivam gupta\onedrive\documents\shivam_developement\batchetlpyspark-20250723\.venv\lib\site-packages (from apache-airflow==2.9.1->-r requirements.txt (line 5)) (0.16.0)
Requirement already satisfied: python-slugify>=5.0 in c:\users\shivam gupta\onedrive\documents\shivam_developement\batchetlpyspark-20250723\.venv\lib\site-packages (from apache-airflow==2.9.1->-r requirements.txt (line 5)) (8.0.4)
Requirement already satisfied: requests<3,>=2.27.0 in c:\users\shivam gupta\onedrive\documents\shivam_developement\batchetlpyspark-20250723\.venv\lib\site-packages (from apache-airflow==2.9.1->-r requirements.txt (line 5)) (2.32.4)
Requirement already satisfied: rfc3339-validator>=0.1.4 in c:\users\shivam gupta\onedrive\documents\shivam_developement\batchetlpyspark-20250723\.venv\lib\site-packages (from apache-airflow==2.9.1->-r requirements.txt (line 5)) (0.1.4)
Requirement already satisfied: rich-argparse>=1.0.0 in c:\users\shivam gupta\onedrive\documents\shivam_developement\batchetlpyspark-20250723\.venv\lib\site-packages (from apache-airflow==2.9.1->-r requirements.txt (line 5)) (1.7.1)
Requirement already satisfied: rich>=12.4.4 in c:\users\shivam gupta\onedrive\documents\shivam_developement\batchetlpyspark-20250723\.venv\lib\site-packages (from apache-airflow==2.9.1->-r requirements.txt (line 5)) (13.9.4)
Requirement already satisfied: setproctitle>=1.1.8 in c:\users\shivam gupta\onedrive\documents\shivam_developement\batchetlpyspark-20250723\.venv\lib\site-packages (from apache-airflow==2.9.1->-r requirements.txt (line 5)) (1.3.6)
Requirement already satisfied: sqlalchemy<2.0,>=1.4.36 in c:\users\shivam gupta\onedrive\documents\shivam_developement\batchetlpyspark-20250723\.venv\lib\site-packages (from apache-airflow==2.9.1->-r requirements.txt (line 5)) (1.4.54)
Requirement already satisfied: sqlalchemy-jsonfield>=1.0 in c:\users\shivam gupta\onedrive\documents\shivam_developement\batchetlpyspark-20250723\.venv\lib\site-packages (from apache-airflow==2.9.1->-r requirements.txt (line 5)) (1.0.2)
Requirement already satisfied: tabulate>=0.7.5 in c:\users\shivam gupta\onedrive\documents\shivam_developement\batchetlpyspark-20250723\.venv\lib\site-packages (from apache-airflow==2.9.1->-r requirements.txt (line 5)) (0.9.0)
Requirement already satisfied: tenacity!=8.2.0,>=6.2.0 in c:\users\shivam gupta\onedrive\documents\shivam_developement\batchetlpyspark-20250723\.venv\lib\site-packages (from apache-airflow==2.9.1->-r requirements.txt (line 5)) (9.1.2)
Requirement already satisfied: termcolor>=1.1.0 in c:\users\shivam gupta\onedrive\documents\shivam_developement\batchetlpyspark-20250723\.venv\lib\site-packages (from apache-airflow==2.9.1->-r requirements.txt (line 5)) (3.1.0)
Requirement already satisfied: unicodecsv>=0.14.1 in c:\users\shivam gupta\onedrive\documents\shivam_developement\batchetlpyspark-20250723\.venv\lib\site-packages (from apache-airflow==2.9.1->-r requirements.txt (line 5)) (0.14.1)
Requirement already satisfied: universal-pathlib>=0.2.2 in c:\users\shivam gupta\onedrive\documents\shivam_developement\batchetlpyspark-20250723\.venv\lib\site-packages (from apache-airflow==2.9.1->-r requirements.txt (line 5)) (0.2.6)
Requirement already satisfied: werkzeug<3,>=2.0 in c:\users\shivam gupta\onedrive\documents\shivam_developement\batchetlpyspark-20250723\.venv\lib\site-packages (from apache-airflow==2.9.1->-r requirements.txt (line 5)) (2.2.3)
Requirement already satisfied: apache-airflow-providers-common-io in c:\users\shivam gupta\onedrive\documents\shivam_developement\batchetlpyspark-20250723\.venv\lib\site-packages (from apache-airflow==2.9.1->-r requirements.txt (line 5)) (1.5.4)
Requirement already satisfied: apache-airflow-providers-common-sql in c:\users\shivam gupta\onedrive\documents\shivam_developement\batchetlpyspark-20250723\.venv\lib\site-packages (from apache-airflow==2.9.1->-r requirements.txt (line 5)) (1.26.0)
Requirement already satisfied: apache-airflow-providers-fab>=1.0.2 in c:\users\shivam gupta\onedrive\documents\shivam_developement\batchetlpyspark-20250723\.venv\lib\site-packages (from apache-airflow==2.9.1->-r requirements.txt (line 5)) (1.5.3)
Requirement already satisfied: apache-airflow-providers-ftp in c:\users\shivam gupta\onedrive\documents\shivam_developement\batchetlpyspark-20250723\.venv\lib\site-packages (from apache-airflow==2.9.1->-r requirements.txt (line 5)) (3.12.3)
Requirement already satisfied: apache-airflow-providers-http in c:\users\shivam gupta\onedrive\documents\shivam_developement\batchetlpyspark-20250723\.venv\lib\site-packages (from apache-airflow==2.9.1->-r requirements.txt (line 5)) (5.2.2)
Requirement already satisfied: apache-airflow-providers-imap in c:\users\shivam gupta\onedrive\documents\shivam_developement\batchetlpyspark-20250723\.venv\lib\site-packages (from apache-airflow==2.9.1->-r requirements.txt (line 5)) (3.8.3)
Requirement already satisfied: apache-airflow-providers-smtp in c:\users\shivam gupta\onedrive\documents\shivam_developement\batchetlpyspark-20250723\.venv\lib\site-packages (from apache-airflow==2.9.1->-r requirements.txt (line 5)) (2.0.3)
Requirement already satisfied: apache-airflow-providers-sqlite in c:\users\shivam gupta\onedrive\documents\shivam_developement\batchetlpyspark-20250723\.venv\lib\site-packages (from apache-airflow==2.9.1->-r requirements.txt (line 5)) (4.0.2)
Requirement already satisfied: contourpy>=1.0.1 in c:\users\shivam gupta\onedrive\documents\shivam_developement\batchetlpyspark-20250723\.venv\lib\site-packages (from matplotlib==3.8.4->-r requirements.txt (line 6)) (1.3.2)
Requirement already satisfied: cycler>=0.10 in c:\users\shivam gupta\onedrive\documents\shivam_developement\batchetlpyspark-20250723\.venv\lib\site-packages (from matplotlib==3.8.4->-r requirements.txt (line 6)) (0.12.1)
Requirement already satisfied: fonttools>=4.22.0 in c:\users\shivam gupta\onedrive\documents\shivam_developement\batchetlpyspark-20250723\.venv\lib\site-packages (from matplotlib==3.8.4->-r requirements.txt (line 6)) (4.59.0)
Requirement already satisfied: kiwisolver>=1.3.1 in c:\users\shivam gupta\onedrive\documents\shivam_developement\batchetlpyspark-20250723\.venv\lib\site-packages (from matplotlib==3.8.4->-r requirements.txt (line 6)) (1.4.8)
Requirement already satisfied: pillow>=8 in c:\users\shivam gupta\onedrive\documents\shivam_developement\batchetlpyspark-20250723\.venv\lib\site-packages (from matplotlib==3.8.4->-r requirements.txt (line 6)) (11.3.0)
Requirement already satisfied: pyparsing>=2.3.1 in c:\users\shivam gupta\onedrive\documents\shivam_developement\batchetlpyspark-20250723\.venv\lib\site-packages (from matplotlib==3.8.4->-r requirements.txt (line 6)) (3.2.3)
Requirement already satisfied: scipy>=1.6.0 in c:\users\shivam gupta\onedrive\documents\shivam_developement\batchetlpyspark-20250723\.venv\lib\site-packages (from scikit-learn==1.4.2->-r requirements.txt (line 8)) (1.16.0)
Requirement already satisfied: joblib>=1.2.0 in c:\users\shivam gupta\onedrive\documents\shivam_developement\batchetlpyspark-20250723\.venv\lib\site-packages (from scikit-learn==1.4.2->-r requirements.txt (line 8)) (1.5.1)
Requirement already satisfied: threadpoolctl>=2.0.0 in c:\users\shivam gupta\onedrive\documents\shivam_developement\batchetlpyspark-20250723\.venv\lib\site-packages (from scikit-learn==1.4.2->-r requirements.txt (line 8)) (3.6.0)
Requirement already satisfied: iniconfig in c:\users\shivam gupta\onedrive\documents\shivam_developement\batchetlpyspark-20250723\.venv\lib\site-packages (from pytest==8.2.1->-r requirements.txt (line 9)) (2.1.0)
Requirement already satisfied: colorama in c:\users\shivam gupta\onedrive\documents\shivam_developement\batchetlpyspark-20250723\.venv\lib\site-packages (from pytest==8.2.1->-r requirements.txt (line 9)) (0.4.6)
Requirement already satisfied: coverage>=5.2.1 in c:\users\shivam gupta\onedrive\documents\shivam_developement\batchetlpyspark-20250723\.venv\lib\site-packages (from coverage[toml]>=5.2.1->pytest-cov==4.1.0->-r requirements.txt (line 10)) (7.9.2)
Requirement already satisfied: ipykernel in c:\users\shivam gupta\onedrive\documents\shivam_developement\batchetlpyspark-20250723\.venv\lib\site-packages (from apache-airflow-providers-papermill->-r requirements.txt (line 12)) (6.30.0)
Requirement already satisfied: papermill>=2.4.0 in c:\users\shivam gupta\onedrive\documents\shivam_developement\batchetlpyspark-20250723\.venv\lib\site-packages (from papermill[all]>=2.4.0->apache-airflow-providers-papermill->-r requirements.txt (line 12)) (2.6.0)
Requirement already satisfied: scrapbook[all] in c:\users\shivam gupta\onedrive\documents\shivam_developement\batchetlpyspark-20250723\.venv\lib\site-packages (from apache-airflow-providers-papermill->-r requirements.txt (line 12)) (0.5.0)
Requirement already satisfied: click<9,>=6 in c:\users\shivam gupta\onedrive\documents\shivam_developement\batchetlpyspark-20250723\.venv\lib\site-packages (from dotenv-linter->-r requirements.txt (line 13)) (8.2.1)
Requirement already satisfied: click_default_group<2.0,>=1.2 in c:\users\shivam gupta\onedrive\documents\shivam_developement\batchetlpyspark-20250723\.venv\lib\site-packages (from dotenv-linter->-r requirements.txt (line 13)) (1.2.4)
Requirement already satisfied: lark<2.0,>=1.2 in c:\users\shivam gupta\onedrive\documents\shivam_developement\batchetlpyspark-20250723\.venv\lib\site-packages (from dotenv-linter->-r requirements.txt (line 13)) (1.2.2)
Requirement already satisfied: typing_extensions<5.0,>=4.0 in c:\users\shivam gupta\onedrive\documents\shivam_developement\batchetlpyspark-20250723\.venv\lib\site-packages (from dotenv-linter->-r requirements.txt (line 13)) (4.14.1)
Requirement already satisfied: Mako in c:\users\shivam gupta\onedrive\documents\shivam_developement\batchetlpyspark-20250723\.venv\lib\site-packages (from alembic<2.0,>=1.13.1->apache-airflow==2.9.1->-r requirements.txt (line 5)) (1.3.10)
Requirement already satisfied: apache-airflow-providers-common-compat>=1.2.1 in c:\users\shivam gupta\onedrive\documents\shivam_developement\batchetlpyspark-20250723\.venv\lib\site-packages (from apache-airflow-providers-fab>=1.0.2->apache-airflow==2.9.1->-r requirements.txt (line 5)) (1.6.1)
Requirement already satisfied: flask-appbuilder==4.5.3 in c:\users\shivam gupta\onedrive\documents\shivam_developement\batchetlpyspark-20250723\.venv\lib\site-packages (from apache-airflow-providers-fab>=1.0.2->apache-airflow==2.9.1->-r requirements.txt (line 5)) (4.5.3)
Requirement already satisfied: flask-login>=0.6.2 in c:\users\shivam gupta\onedrive\documents\shivam_developement\batchetlpyspark-20250723\.venv\lib\site-packages (from apache-airflow-providers-fab>=1.0.2->apache-airflow==2.9.1->-r requirements.txt (line 5)) (0.6.3)
Requirement already satisfied: jmespath>=0.7.0 in c:\users\shivam gupta\onedrive\documents\shivam_developement\batchetlpyspark-20250723\.venv\lib\site-packages (from apache-airflow-providers-fab>=1.0.2->apache-airflow==2.9.1->-r requirements.txt (line 5)) (1.0.1)
Requirement already satisfied: apispec<7,>=6.0.0 in c:\users\shivam gupta\onedrive\documents\shivam_developement\batchetlpyspark-20250723\.venv\lib\site-packages (from apispec[yaml]<7,>=6.0.0->flask-appbuilder==4.5.3->apache-airflow-providers-fab>=1.0.2->apache-airflow==2.9.1->-r requirements.txt (line 5)) (6.8.2)
Requirement already satisfied: email-validator>=1.0.5 in c:\users\shivam gupta\onedrive\documents\shivam_developement\batchetlpyspark-20250723\.venv\lib\site-packages (from flask-appbuilder==4.5.3->apache-airflow-providers-fab>=1.0.2->apache-airflow==2.9.1->-r requirements.txt (line 5)) (2.2.0)
Requirement already satisfied: Flask-Babel<3,>=1 in c:\users\shivam gupta\onedrive\documents\shivam_developement\batchetlpyspark-20250723\.venv\lib\site-packages (from flask-appbuilder==4.5.3->apache-airflow-providers-fab>=1.0.2->apache-airflow==2.9.1->-r requirements.txt (line 5)) (2.0.0)
Requirement already satisfied: Flask-Limiter<4,>3 in c:\users\shivam gupta\onedrive\documents\shivam_developement\batchetlpyspark-20250723\.venv\lib\site-packages (from flask-appbuilder==4.5.3->apache-airflow-providers-fab>=1.0.2->apache-airflow==2.9.1->-r requirements.txt (line 5)) (3.12)
Requirement already satisfied: Flask-SQLAlchemy<3,>=2.4 in c:\users\shivam gupta\onedrive\documents\shivam_developement\batchetlpyspark-20250723\.venv\lib\site-packages (from flask-appbuilder==4.5.3->apache-airflow-providers-fab>=1.0.2->apache-airflow==2.9.1->-r requirements.txt (line 5)) (2.5.1)
Requirement already satisfied: Flask-JWT-Extended<5.0.0,>=4.0.0 in c:\users\shivam gupta\onedrive\documents\shivam_developement\batchetlpyspark-20250723\.venv\lib\site-packages (from flask-appbuilder==4.5.3->apache-airflow-providers-fab>=1.0.2->apache-airflow==2.9.1->-r requirements.txt (line 5)) (4.7.1)
Requirement already satisfied: marshmallow<4,>=3.18.0 in c:\users\shivam gupta\onedrive\documents\shivam_developement\batchetlpyspark-20250723\.venv\lib\site-packages (from flask-appbuilder==4.5.3->apache-airflow-providers-fab>=1.0.2->apache-airflow==2.9.1->-r requirements.txt (line 5)) (3.26.1)
Requirement already satisfied: marshmallow-sqlalchemy<0.29.0,>=0.22.0 in c:\users\shivam gupta\onedrive\documents\shivam_developement\batchetlpyspark-20250723\.venv\lib\site-packages (from flask-appbuilder==4.5.3->apache-airflow-providers-fab>=1.0.2->apache-airflow==2.9.1->-r requirements.txt (line 5)) (0.28.2)
Requirement already satisfied: prison<1.0.0,>=0.2.1 in c:\users\shivam gupta\onedrive\documents\shivam_developement\batchetlpyspark-20250723\.venv\lib\site-packages (from flask-appbuilder==4.5.3->apache-airflow-providers-fab>=1.0.2->apache-airflow==2.9.1->-r requirements.txt (line 5)) (0.2.1)
Requirement already satisfied: sqlalchemy-utils<1,>=0.32.21 in c:\users\shivam gupta\onedrive\documents\shivam_developement\batchetlpyspark-20250723\.venv\lib\site-packages (from flask-appbuilder==4.5.3->apache-airflow-providers-fab>=1.0.2->apache-airflow==2.9.1->-r requirements.txt (line 5)) (0.41.2)
Requirement already satisfied: WTForms<4 in c:\users\shivam gupta\onedrive\documents\shivam_developement\batchetlpyspark-20250723\.venv\lib\site-packages (from flask-appbuilder==4.5.3->apache-airflow-providers-fab>=1.0.2->apache-airflow==2.9.1->-r requirements.txt (line 5)) (3.2.1)
Requirement already satisfied: clickclick<21,>=1.2 in c:\users\shivam gupta\onedrive\documents\shivam_developement\batchetlpyspark-20250723\.venv\lib\site-packages (from connexion<3.0,>=2.10.0->connexion[flask]<3.0,>=2.10.0->apache-airflow==2.9.1->-r requirements.txt (line 5)) (20.10.2)
Requirement already satisfied: PyYAML<7,>=5.1 in c:\users\shivam gupta\onedrive\documents\shivam_developement\batchetlpyspark-20250723\.venv\lib\site-packages (from connexion<3.0,>=2.10.0->connexion[flask]<3.0,>=2.10.0->apache-airflow==2.9.1->-r requirements.txt (line 5)) (6.0.2)
Requirement already satisfied: inflection<0.6,>=0.3.1 in c:\users\shivam gupta\onedrive\documents\shivam_developement\batchetlpyspark-20250723\.venv\lib\site-packages (from connexion<3.0,>=2.10.0->connexion[flask]<3.0,>=2.10.0->apache-airflow==2.9.1->-r requirements.txt (line 5)) (0.5.1)
Requirement already satisfied: cffi>=1.14 in c:\users\shivam gupta\onedrive\documents\shivam_developement\batchetlpyspark-20250723\.venv\lib\site-packages (from cryptography>=39.0.0->apache-airflow==2.9.1->-r requirements.txt (line 5)) (1.17.1)
Requirement already satisfied: wrapt<2,>=1.10 in c:\users\shivam gupta\onedrive\documents\shivam_developement\batchetlpyspark-20250723\.venv\lib\site-packages (from deprecated>=1.2.13->apache-airflow==2.9.1->-r requirements.txt (line 5)) (1.17.2)
Requirement already satisfied: cachelib>=0.9.0 in c:\users\shivam gupta\onedrive\documents\shivam_developement\batchetlpyspark-20250723\.venv\lib\site-packages (from flask-caching>=1.5.0->apache-airflow==2.9.1->-r requirements.txt (line 5)) (0.13.0)
Requirement already satisfied: zipp>=3.20 in c:\users\shivam gupta\onedrive\documents\shivam_developement\batchetlpyspark-20250723\.venv\lib\site-packages (from importlib_metadata>=6.5->apache-airflow==2.9.1->-r requirements.txt (line 5)) (3.23.0)
Requirement already satisfied: jsonschema-specifications>=2023.03.6 in c:\users\shivam gupta\onedrive\documents\shivam_developement\batchetlpyspark-20250723\.venv\lib\site-packages (from jsonschema>=4.18.0->apache-airflow==2.9.1->-r requirements.txt (line 5)) (2025.4.1)
Requirement already satisfied: referencing>=0.28.4 in c:\users\shivam gupta\onedrive\documents\shivam_developement\batchetlpyspark-20250723\.venv\lib\site-packages (from jsonschema>=4.18.0->apache-airflow==2.9.1->-r requirements.txt (line 5)) (0.36.2)
Requirement already satisfied: rpds-py>=0.7.1 in c:\users\shivam gupta\onedrive\documents\shivam_developement\batchetlpyspark-20250723\.venv\lib\site-packages (from jsonschema>=4.18.0->apache-airflow==2.9.1->-r requirements.txt (line 5)) (0.26.0)
Requirement already satisfied: uc-micro-py in c:\users\shivam gupta\onedrive\documents\shivam_developement\batchetlpyspark-20250723\.venv\lib\site-packages (from linkify-it-py>=2.0.0->apache-airflow==2.9.1->-r requirements.txt (line 5)) (1.0.3)
Requirement already satisfied: mdurl~=0.1 in c:\users\shivam gupta\onedrive\documents\shivam_developement\batchetlpyspark-20250723\.venv\lib\site-packages (from markdown-it-py>=2.1.0->apache-airflow==2.9.1->-r requirements.txt (line 5)) (0.1.2)
Requirement already satisfied: wirerope>=0.4.7 in c:\users\shivam gupta\onedrive\documents\shivam_developement\batchetlpyspark-20250723\.venv\lib\site-packages (from methodtools>=0.4.7->apache-airflow==2.9.1->-r requirements.txt (line 5)) (1.0.0)
Requirement already satisfied: nbformat>=5.2.0 in c:\users\shivam gupta\onedrive\documents\shivam_developement\batchetlpyspark-20250723\.venv\lib\site-packages (from papermill>=2.4.0->papermill[all]>=2.4.0->apache-airflow-providers-papermill->-r requirements.txt (line 12)) (5.10.4)
Requirement already satisfied: nbclient>=0.2.0 in c:\users\shivam gupta\onedrive\documents\shivam_developement\batchetlpyspark-20250723\.venv\lib\site-packages (from papermill>=2.4.0->papermill[all]>=2.4.0->apache-airflow-providers-papermill->-r requirements.txt (line 12)) (0.10.2)
Requirement already satisfied: tqdm>=4.32.2 in c:\users\shivam gupta\onedrive\documents\shivam_developement\batchetlpyspark-20250723\.venv\lib\site-packages (from papermill>=2.4.0->papermill[all]>=2.4.0->apache-airflow-providers-papermill->-r requirements.txt (line 12)) (4.67.1)
Requirement already satisfied: entrypoints in c:\users\shivam gupta\onedrive\documents\shivam_developement\batchetlpyspark-20250723\.venv\lib\site-packages (from papermill>=2.4.0->papermill[all]>=2.4.0->apache-airflow-providers-papermill->-r requirements.txt (line 12)) (0.4)
Requirement already satisfied: ansicolors in c:\users\shivam gupta\onedrive\documents\shivam_developement\batchetlpyspark-20250723\.venv\lib\site-packages (from papermill>=2.4.0->papermill[all]>=2.4.0->apache-airflow-providers-papermill->-r requirements.txt (line 12)) (1.1.8)
Requirement already satisfied: boto3 in c:\users\shivam gupta\onedrive\documents\shivam_developement\batchetlpyspark-20250723\.venv\lib\site-packages (from papermill[all]>=2.4.0->apache-airflow-providers-papermill->-r requirements.txt (line 12)) (1.39.12)
Requirement already satisfied: azure-datalake-store>=0.0.30 in c:\users\shivam gupta\onedrive\documents\shivam_developement\batchetlpyspark-20250723\.venv\lib\site-packages (from papermill[all]>=2.4.0->apache-airflow-providers-papermill->-r requirements.txt (line 12)) (1.0.1)
Requirement already satisfied: azure-storage-blob>=12.1.0 in c:\users\shivam gupta\onedrive\documents\shivam_developement\batchetlpyspark-20250723\.venv\lib\site-packages (from papermill[all]>=2.4.0->apache-airflow-providers-papermill->-r requirements.txt (line 12)) (12.26.0)
Requirement already satisfied: azure-identity>=1.3.1 in c:\users\shivam gupta\onedrive\documents\shivam_developement\batchetlpyspark-20250723\.venv\lib\site-packages (from papermill[all]>=2.4.0->apache-airflow-providers-papermill->-r requirements.txt (line 12)) (1.23.1)
Requirement already satisfied: gcsfs>=0.2.0 in c:\users\shivam gupta\onedrive\documents\shivam_developement\batchetlpyspark-20250723\.venv\lib\site-packages (from papermill[all]>=2.4.0->apache-airflow-providers-papermill->-r requirements.txt (line 12)) (2025.7.0)
Requirement already satisfied: PyGithub>=1.55 in c:\users\shivam gupta\onedrive\documents\shivam_developement\batchetlpyspark-20250723\.venv\lib\site-packages (from papermill[all]>=2.4.0->apache-airflow-providers-papermill->-r requirements.txt (line 12)) (2.6.1)
Requirement already satisfied: black>=19.3b0 in c:\users\shivam gupta\onedrive\documents\shivam_developement\batchetlpyspark-20250723\.venv\lib\site-packages (from papermill[all]>=2.4.0->apache-airflow-providers-papermill->-r requirements.txt (line 12)) (25.1.0)
Requirement already satisfied: six>=1.5 in c:\users\shivam gupta\onedrive\documents\shivam_developement\batchetlpyspark-20250723\.venv\lib\site-packages (from python-dateutil>=2.8.2->pandas==2.2.2->-r requirements.txt (line 2)) (1.17.0)
Requirement already satisfied: text-unidecode>=1.3 in c:\users\shivam gupta\onedrive\documents\shivam_developement\batchetlpyspark-20250723\.venv\lib\site-packages (from python-slugify>=5.0->apache-airflow==2.9.1->-r requirements.txt (line 5)) (1.3)
Requirement already satisfied: charset_normalizer<4,>=2 in c:\users\shivam gupta\onedrive\documents\shivam_developement\batchetlpyspark-20250723\.venv\lib\site-packages (from requests<3,>=2.27.0->apache-airflow==2.9.1->-r requirements.txt (line 5)) (3.4.2)
Requirement already satisfied: idna<4,>=2.5 in c:\users\shivam gupta\onedrive\documents\shivam_developement\batchetlpyspark-20250723\.venv\lib\site-packages (from requests<3,>=2.27.0->apache-airflow==2.9.1->-r requirements.txt (line 5)) (3.10)
Requirement already satisfied: urllib3<3,>=1.21.1 in c:\users\shivam gupta\onedrive\documents\shivam_developement\batchetlpyspark-20250723\.venv\lib\site-packages (from requests<3,>=2.27.0->apache-airflow==2.9.1->-r requirements.txt (line 5)) (2.5.0)
Requirement already satisfied: certifi>=2017.4.17 in c:\users\shivam gupta\onedrive\documents\shivam_developement\batchetlpyspark-20250723\.venv\lib\site-packages (from requests<3,>=2.27.0->apache-airflow==2.9.1->-r requirements.txt (line 5)) (2025.7.14)
Requirement already satisfied: greenlet!=0.4.17 in c:\users\shivam gupta\onedrive\documents\shivam_developement\batchetlpyspark-20250723\.venv\lib\site-packages (from sqlalchemy<2.0,>=1.4.36->apache-airflow==2.9.1->-r requirements.txt (line 5)) (3.2.3)
Requirement already satisfied: sqlparse>=0.5.1 in c:\users\shivam gupta\onedrive\documents\shivam_developement\batchetlpyspark-20250723\.venv\lib\site-packages (from apache-airflow-providers-common-sql->apache-airflow==2.9.1->-r requirements.txt (line 5)) (0.5.3)
Requirement already satisfied: more-itertools>=9.0.0 in c:\users\shivam gupta\onedrive\documents\shivam_developement\batchetlpyspark-20250723\.venv\lib\site-packages (from apache-airflow-providers-common-sql->apache-airflow==2.9.1->-r requirements.txt (line 5)) (10.7.0)
Requirement already satisfied: requests-toolbelt>=1.0.0 in c:\users\shivam gupta\onedrive\documents\shivam_developement\batchetlpyspark-20250723\.venv\lib\site-packages (from apache-airflow-providers-http->apache-airflow==2.9.1->-r requirements.txt (line 5)) (1.0.0)
Requirement already satisfied: aiohttp!=3.11.0,>=3.9.2 in c:\users\shivam gupta\onedrive\documents\shivam_developement\batchetlpyspark-20250723\.venv\lib\site-packages (from apache-airflow-providers-http->apache-airflow==2.9.1->-r requirements.txt (line 5)) (3.12.14)
Requirement already satisfied: anyio in c:\users\shivam gupta\onedrive\documents\shivam_developement\batchetlpyspark-20250723\.venv\lib\site-packages (from httpx->apache-airflow==2.9.1->-r requirements.txt (line 5)) (4.9.0)
Requirement already satisfied: httpcore==1.* in c:\users\shivam gupta\onedrive\documents\shivam_developement\batchetlpyspark-20250723\.venv\lib\site-packages (from httpx->apache-airflow==2.9.1->-r requirements.txt (line 5)) (1.0.9)
Requirement already satisfied: h11>=0.16 in c:\users\shivam gupta\onedrive\documents\shivam_developement\batchetlpyspark-20250723\.venv\lib\site-packages (from httpcore==1.*->httpx->apache-airflow==2.9.1->-r requirements.txt (line 5)) (0.16.0)
Requirement already satisfied: comm>=0.1.1 in c:\users\shivam gupta\onedrive\documents\shivam_developement\batchetlpyspark-20250723\.venv\lib\site-packages (from ipykernel->apache-airflow-providers-papermill->-r requirements.txt (line 12)) (0.2.2)
Requirement already satisfied: debugpy>=1.6.5 in c:\users\shivam gupta\onedrive\documents\shivam_developement\batchetlpyspark-20250723\.venv\lib\site-packages (from ipykernel->apache-airflow-providers-papermill->-r requirements.txt (line 12)) (1.8.15)
Requirement already satisfied: ipython>=7.23.1 in c:\users\shivam gupta\onedrive\documents\shivam_developement\batchetlpyspark-20250723\.venv\lib\site-packages (from ipykernel->apache-airflow-providers-papermill->-r requirements.txt (line 12)) (9.4.0)
Requirement already satisfied: jupyter-client>=8.0.0 in c:\users\shivam gupta\onedrive\documents\shivam_developement\batchetlpyspark-20250723\.venv\lib\site-packages (from ipykernel->apache-airflow-providers-papermill->-r requirements.txt (line 12)) (8.6.3)
Requirement already satisfied: jupyter-core!=5.0.*,>=4.12 in c:\users\shivam gupta\onedrive\documents\shivam_developement\batchetlpyspark-20250723\.venv\lib\site-packages (from ipykernel->apache-airflow-providers-papermill->-r requirements.txt (line 12)) (5.8.1)
Requirement already satisfied: matplotlib-inline>=0.1 in c:\users\shivam gupta\onedrive\documents\shivam_developement\batchetlpyspark-20250723\.venv\lib\site-packages (from ipykernel->apache-airflow-providers-papermill->-r requirements.txt (line 12)) (0.1.7)
Requirement already satisfied: nest-asyncio>=1.4 in c:\users\shivam gupta\onedrive\documents\shivam_developement\batchetlpyspark-20250723\.venv\lib\site-packages (from ipykernel->apache-airflow-providers-papermill->-r requirements.txt (line 12)) (1.6.0)
Requirement already satisfied: pyzmq>=25 in c:\users\shivam gupta\onedrive\documents\shivam_developement\batchetlpyspark-20250723\.venv\lib\site-packages (from ipykernel->apache-airflow-providers-papermill->-r requirements.txt (line 12)) (27.0.0)
Requirement already satisfied: tornado>=6.2 in c:\users\shivam gupta\onedrive\documents\shivam_developement\batchetlpyspark-20250723\.venv\lib\site-packages (from ipykernel->apache-airflow-providers-papermill->-r requirements.txt (line 12)) (6.5.1)
Requirement already satisfied: traitlets>=5.4.0 in c:\users\shivam gupta\onedrive\documents\shivam_developement\batchetlpyspark-20250723\.venv\lib\site-packages (from ipykernel->apache-airflow-providers-papermill->-r requirements.txt (line 12)) (5.14.3)
Requirement already satisfied: opentelemetry-exporter-otlp-proto-grpc==1.35.0 in c:\users\shivam gupta\onedrive\documents\shivam_developement\batchetlpyspark-20250723\.venv\lib\site-packages (from opentelemetry-exporter-otlp->apache-airflow==2.9.1->-r requirements.txt (line 5)) (1.35.0)
Requirement already satisfied: opentelemetry-exporter-otlp-proto-http==1.35.0 in c:\users\shivam gupta\onedrive\documents\shivam_developement\batchetlpyspark-20250723\.venv\lib\site-packages (from opentelemetry-exporter-otlp->apache-airflow==2.9.1->-r requirements.txt (line 5)) (1.35.0)
Requirement already satisfied: googleapis-common-protos~=1.57 in c:\users\shivam gupta\onedrive\documents\shivam_developement\batchetlpyspark-20250723\.venv\lib\site-packages (from opentelemetry-exporter-otlp-proto-grpc==1.35.0->opentelemetry-exporter-otlp->apache-airflow==2.9.1->-r requirements.txt (line 5)) (1.70.0)
Requirement already satisfied: grpcio<2.0.0,>=1.63.2 in c:\users\shivam gupta\onedrive\documents\shivam_developement\batchetlpyspark-20250723\.venv\lib\site-packages (from opentelemetry-exporter-otlp-proto-grpc==1.35.0->opentelemetry-exporter-otlp->apache-airflow==2.9.1->-r requirements.txt (line 5)) (1.73.1)
Requirement already satisfied: opentelemetry-exporter-otlp-proto-common==1.35.0 in c:\users\shivam gupta\onedrive\documents\shivam_developement\batchetlpyspark-20250723\.venv\lib\site-packages (from opentelemetry-exporter-otlp-proto-grpc==1.35.0->opentelemetry-exporter-otlp->apache-airflow==2.9.1->-r requirements.txt (line 5)) (1.35.0)
Requirement already satisfied: opentelemetry-proto==1.35.0 in c:\users\shivam gupta\onedrive\documents\shivam_developement\batchetlpyspark-20250723\.venv\lib\site-packages (from opentelemetry-exporter-otlp-proto-grpc==1.35.0->opentelemetry-exporter-otlp->apache-airflow==2.9.1->-r requirements.txt (line 5)) (1.35.0)
Requirement already satisfied: opentelemetry-sdk~=1.35.0 in c:\users\shivam gupta\onedrive\documents\shivam_developement\batchetlpyspark-20250723\.venv\lib\site-packages (from opentelemetry-exporter-otlp-proto-grpc==1.35.0->opentelemetry-exporter-otlp->apache-airflow==2.9.1->-r requirements.txt (line 5)) (1.35.0)
Requirement already satisfied: protobuf<7.0,>=5.0 in c:\users\shivam gupta\onedrive\documents\shivam_developement\batchetlpyspark-20250723\.venv\lib\site-packages (from opentelemetry-proto==1.35.0->opentelemetry-exporter-otlp-proto-grpc==1.35.0->opentelemetry-exporter-otlp->apache-airflow==2.9.1->-r requirements.txt (line 5)) (6.31.1)
Requirement already satisfied: aiohappyeyeballs>=2.5.0 in c:\users\shivam gupta\onedrive\documents\shivam_developement\batchetlpyspark-20250723\.venv\lib\site-packages (from aiohttp!=3.11.0,>=3.9.2->apache-airflow-providers-http->apache-airflow==2.9.1->-r requirements.txt (line 5)) (2.6.1)
Requirement already satisfied: aiosignal>=1.4.0 in c:\users\shivam gupta\onedrive\documents\shivam_developement\batchetlpyspark-20250723\.venv\lib\site-packages (from aiohttp!=3.11.0,>=3.9.2->apache-airflow-providers-http->apache-airflow==2.9.1->-r requirements.txt (line 5)) (1.4.0)
Requirement already satisfied: frozenlist>=1.1.1 in c:\users\shivam gupta\onedrive\documents\shivam_developement\batchetlpyspark-20250723\.venv\lib\site-packages (from aiohttp!=3.11.0,>=3.9.2->apache-airflow-providers-http->apache-airflow==2.9.1->-r requirements.txt (line 5)) (1.7.0)
Requirement already satisfied: multidict<7.0,>=4.5 in c:\users\shivam gupta\onedrive\documents\shivam_developement\batchetlpyspark-20250723\.venv\lib\site-packages (from aiohttp!=3.11.0,>=3.9.2->apache-airflow-providers-http->apache-airflow==2.9.1->-r requirements.txt (line 5)) (6.6.3)
Requirement already satisfied: propcache>=0.2.0 in c:\users\shivam gupta\onedrive\documents\shivam_developement\batchetlpyspark-20250723\.venv\lib\site-packages (from aiohttp!=3.11.0,>=3.9.2->apache-airflow-providers-http->apache-airflow==2.9.1->-r requirements.txt (line 5)) (0.3.2)
Requirement already satisfied: yarl<2.0,>=1.17.0 in c:\users\shivam gupta\onedrive\documents\shivam_developement\batchetlpyspark-20250723\.venv\lib\site-packages (from aiohttp!=3.11.0,>=3.9.2->apache-airflow-providers-http->apache-airflow==2.9.1->-r requirements.txt (line 5)) (1.20.1)
Requirement already satisfied: azure-core>=1.31.0 in c:\users\shivam gupta\onedrive\documents\shivam_developement\batchetlpyspark-20250723\.venv\lib\site-packages (from azure-identity>=1.3.1->papermill[all]>=2.4.0->apache-airflow-providers-papermill->-r requirements.txt (line 12)) (1.35.0)
Requirement already satisfied: msal>=1.30.0 in c:\users\shivam gupta\onedrive\documents\shivam_developement\batchetlpyspark-20250723\.venv\lib\site-packages (from azure-identity>=1.3.1->papermill[all]>=2.4.0->apache-airflow-providers-papermill->-r requirements.txt (line 12)) (1.33.0)
Requirement already satisfied: msal-extensions>=1.2.0 in c:\users\shivam gupta\onedrive\documents\shivam_developement\batchetlpyspark-20250723\.venv\lib\site-packages (from azure-identity>=1.3.1->papermill[all]>=2.4.0->apache-airflow-providers-papermill->-r requirements.txt (line 12)) (1.3.1)
Requirement already satisfied: isodate>=0.6.1 in c:\users\shivam gupta\onedrive\documents\shivam_developement\batchetlpyspark-20250723\.venv\lib\site-packages (from azure-storage-blob>=12.1.0->papermill[all]>=2.4.0->apache-airflow-providers-papermill->-r requirements.txt (line 12)) (0.7.2)
Requirement already satisfied: mypy-extensions>=0.4.3 in c:\users\shivam gupta\onedrive\documents\shivam_developement\batchetlpyspark-20250723\.venv\lib\site-packages (from black>=19.3b0->papermill[all]>=2.4.0->apache-airflow-providers-papermill->-r requirements.txt (line 12)) (1.1.0)
Requirement already satisfied: platformdirs>=2 in c:\users\shivam gupta\onedrive\documents\shivam_developement\batchetlpyspark-20250723\.venv\lib\site-packages (from black>=19.3b0->papermill[all]>=2.4.0->apache-airflow-providers-papermill->-r requirements.txt (line 12)) (4.3.8)
Requirement already satisfied: pycparser in c:\users\shivam gupta\onedrive\documents\shivam_developement\batchetlpyspark-20250723\.venv\lib\site-packages (from cffi>=1.14->cryptography>=39.0.0->apache-airflow==2.9.1->-r requirements.txt (line 5)) (2.22)
Requirement already satisfied: decorator>4.1.2 in c:\users\shivam gupta\onedrive\documents\shivam_developement\batchetlpyspark-20250723\.venv\lib\site-packages (from gcsfs>=0.2.0->papermill[all]>=2.4.0->apache-airflow-providers-papermill->-r requirements.txt (line 12)) (5.2.1)
Requirement already satisfied: google-auth>=1.2 in c:\users\shivam gupta\onedrive\documents\shivam_developement\batchetlpyspark-20250723\.venv\lib\site-packages (from gcsfs>=0.2.0->papermill[all]>=2.4.0->apache-airflow-providers-papermill->-r requirements.txt (line 12)) (2.40.3)
Requirement already satisfied: google-auth-oauthlib in c:\users\shivam gupta\onedrive\documents\shivam_developement\batchetlpyspark-20250723\.venv\lib\site-packages (from gcsfs>=0.2.0->papermill[all]>=2.4.0->apache-airflow-providers-papermill->-r requirements.txt (line 12)) (1.2.2)
Requirement already satisfied: google-cloud-storage in c:\users\shivam gupta\onedrive\documents\shivam_developement\batchetlpyspark-20250723\.venv\lib\site-packages (from gcsfs>=0.2.0->papermill[all]>=2.4.0->apache-airflow-providers-papermill->-r requirements.txt (line 12)) (3.2.0)
Requirement already satisfied: ipython-pygments-lexers in c:\users\shivam gupta\onedrive\documents\shivam_developement\batchetlpyspark-20250723\.venv\lib\site-packages (from ipython>=7.23.1->ipykernel->apache-airflow-providers-papermill->-r requirements.txt (line 12)) (1.1.1)
Requirement already satisfied: jedi>=0.16 in c:\users\shivam gupta\onedrive\documents\shivam_developement\batchetlpyspark-20250723\.venv\lib\site-packages (from ipython>=7.23.1->ipykernel->apache-airflow-providers-papermill->-r requirements.txt (line 12)) (0.19.2)
Requirement already satisfied: prompt_toolkit<3.1.0,>=3.0.41 in c:\users\shivam gupta\onedrive\documents\shivam_developement\batchetlpyspark-20250723\.venv\lib\site-packages (from ipython>=7.23.1->ipykernel->apache-airflow-providers-papermill->-r requirements.txt (line 12)) (3.0.51)
Requirement already satisfied: stack_data in c:\users\shivam gupta\onedrive\documents\shivam_developement\batchetlpyspark-20250723\.venv\lib\site-packages (from ipython>=7.23.1->ipykernel->apache-airflow-providers-papermill->-r requirements.txt (line 12)) (0.6.3)
Requirement already satisfied: pywin32>=300 in c:\users\shivam gupta\onedrive\documents\shivam_developement\batchetlpyspark-20250723\.venv\lib\site-packages (from jupyter-core!=5.0.*,>=4.12->ipykernel->apache-airflow-providers-papermill->-r requirements.txt (line 12)) (311)
Requirement already satisfied: fastjsonschema>=2.15 in c:\users\shivam gupta\onedrive\documents\shivam_developement\batchetlpyspark-20250723\.venv\lib\site-packages (from nbformat>=5.2.0->papermill>=2.4.0->papermill[all]>=2.4.0->apache-airflow-providers-papermill->-r requirements.txt (line 12)) (2.21.1)
Requirement already satisfied: pynacl>=1.4.0 in c:\users\shivam gupta\onedrive\documents\shivam_developement\batchetlpyspark-20250723\.venv\lib\site-packages (from PyGithub>=1.55->papermill[all]>=2.4.0->apache-airflow-providers-papermill->-r requirements.txt (line 12)) (1.5.0)
Requirement already satisfied: sniffio>=1.1 in c:\users\shivam gupta\onedrive\documents\shivam_developement\batchetlpyspark-20250723\.venv\lib\site-packages (from anyio->httpx->apache-airflow==2.9.1->-r requirements.txt (line 5)) (1.3.1)
Requirement already satisfied: botocore<1.40.0,>=1.39.12 in c:\users\shivam gupta\onedrive\documents\shivam_developement\batchetlpyspark-20250723\.venv\lib\site-packages (from boto3->papermill[all]>=2.4.0->apache-airflow-providers-papermill->-r requirements.txt (line 12)) (1.39.12)
Requirement already satisfied: s3transfer<0.14.0,>=0.13.0 in c:\users\shivam gupta\onedrive\documents\shivam_developement\batchetlpyspark-20250723\.venv\lib\site-packages (from boto3->papermill[all]>=2.4.0->apache-airflow-providers-papermill->-r requirements.txt (line 12)) (0.13.1)
Requirement already satisfied: dnspython>=2.0.0 in c:\users\shivam gupta\onedrive\documents\shivam_developement\batchetlpyspark-20250723\.venv\lib\site-packages (from email-validator>=1.0.5->flask-appbuilder==4.5.3->apache-airflow-providers-fab>=1.0.2->apache-airflow==2.9.1->-r requirements.txt (line 5)) (2.7.0)
Requirement already satisfied: Babel>=2.3 in c:\users\shivam gupta\onedrive\documents\shivam_developement\batchetlpyspark-20250723\.venv\lib\site-packages (from Flask-Babel<3,>=1->flask-appbuilder==4.5.3->apache-airflow-providers-fab>=1.0.2->apache-airflow==2.9.1->-r requirements.txt (line 5)) (2.17.0)
Requirement already satisfied: limits>=3.13 in c:\users\shivam gupta\onedrive\documents\shivam_developement\batchetlpyspark-20250723\.venv\lib\site-packages (from Flask-Limiter<4,>3->flask-appbuilder==4.5.3->apache-airflow-providers-fab>=1.0.2->apache-airflow==2.9.1->-r requirements.txt (line 5)) (5.4.0)
Requirement already satisfied: ordered-set<5,>4 in c:\users\shivam gupta\onedrive\documents\shivam_developement\batchetlpyspark-20250723\.venv\lib\site-packages (from Flask-Limiter<4,>3->flask-appbuilder==4.5.3->apache-airflow-providers-fab>=1.0.2->apache-airflow==2.9.1->-r requirements.txt (line 5)) (4.1.0)
Requirement already satisfied: cachetools<6.0,>=2.0.0 in c:\users\shivam gupta\onedrive\documents\shivam_developement\batchetlpyspark-20250723\.venv\lib\site-packages (from google-auth>=1.2->gcsfs>=0.2.0->papermill[all]>=2.4.0->apache-airflow-providers-papermill->-r requirements.txt (line 12)) (5.5.2)
Requirement already satisfied: pyasn1-modules>=0.2.1 in c:\users\shivam gupta\onedrive\documents\shivam_developement\batchetlpyspark-20250723\.venv\lib\site-packages (from google-auth>=1.2->gcsfs>=0.2.0->papermill[all]>=2.4.0->apache-airflow-providers-papermill->-r requirements.txt (line 12)) (0.4.2)
Requirement already satisfied: rsa<5,>=3.1.4 in c:\users\shivam gupta\onedrive\documents\shivam_developement\batchetlpyspark-20250723\.venv\lib\site-packages (from google-auth>=1.2->gcsfs>=0.2.0->papermill[all]>=2.4.0->apache-airflow-providers-papermill->-r requirements.txt (line 12)) (4.9.1)
Requirement already satisfied: parso<0.9.0,>=0.8.4 in c:\users\shivam gupta\onedrive\documents\shivam_developement\batchetlpyspark-20250723\.venv\lib\site-packages (from jedi>=0.16->ipython>=7.23.1->ipykernel->apache-airflow-providers-papermill->-r requirements.txt (line 12)) (0.8.4)
Requirement already satisfied: opentelemetry-semantic-conventions==0.56b0 in c:\users\shivam gupta\onedrive\documents\shivam_developement\batchetlpyspark-20250723\.venv\lib\site-packages (from opentelemetry-sdk~=1.35.0->opentelemetry-exporter-otlp-proto-grpc==1.35.0->opentelemetry-exporter-otlp->apache-airflow==2.9.1->-r requirements.txt (line 5)) (0.56b0)
Requirement already satisfied: wcwidth in c:\users\shivam gupta\onedrive\documents\shivam_developement\batchetlpyspark-20250723\.venv\lib\site-packages (from prompt_toolkit<3.1.0,>=3.0.41->ipython>=7.23.1->ipykernel->apache-airflow-providers-papermill->-r requirements.txt (line 12)) (0.2.13)
Requirement already satisfied: requests-oauthlib>=0.7.0 in c:\users\shivam gupta\onedrive\documents\shivam_developement\batchetlpyspark-20250723\.venv\lib\site-packages (from google-auth-oauthlib->gcsfs>=0.2.0->papermill[all]>=2.4.0->apache-airflow-providers-papermill->-r requirements.txt (line 12)) (2.0.0)
Requirement already satisfied: google-api-core<3.0.0,>=2.15.0 in c:\users\shivam gupta\onedrive\documents\shivam_developement\batchetlpyspark-20250723\.venv\lib\site-packages (from google-cloud-storage->gcsfs>=0.2.0->papermill[all]>=2.4.0->apache-airflow-providers-papermill->-r requirements.txt (line 12)) (2.25.1)
Requirement already satisfied: google-cloud-core<3.0.0,>=2.4.2 in c:\users\shivam gupta\onedrive\documents\shivam_developement\batchetlpyspark-20250723\.venv\lib\site-packages (from google-cloud-storage->gcsfs>=0.2.0->papermill[all]>=2.4.0->apache-airflow-providers-papermill->-r requirements.txt (line 12)) (2.4.3)
Requirement already satisfied: google-resumable-media<3.0.0,>=2.7.2 in c:\users\shivam gupta\onedrive\documents\shivam_developement\batchetlpyspark-20250723\.venv\lib\site-packages (from google-cloud-storage->gcsfs>=0.2.0->papermill[all]>=2.4.0->apache-airflow-providers-papermill->-r requirements.txt (line 12)) (2.7.2)
Requirement already satisfied: google-crc32c<2.0.0,>=1.1.3 in c:\users\shivam gupta\onedrive\documents\shivam_developement\batchetlpyspark-20250723\.venv\lib\site-packages (from google-cloud-storage->gcsfs>=0.2.0->papermill[all]>=2.4.0->apache-airflow-providers-papermill->-r requirements.txt (line 12)) (1.7.1)
Requirement already satisfied: executing>=1.2.0 in c:\users\shivam gupta\onedrive\documents\shivam_developement\batchetlpyspark-20250723\.venv\lib\site-packages (from stack_data->ipython>=7.23.1->ipykernel->apache-airflow-providers-papermill->-r requirements.txt (line 12)) (2.2.0)
Requirement already satisfied: asttokens>=2.1.0 in c:\users\shivam gupta\onedrive\documents\shivam_developement\batchetlpyspark-20250723\.venv\lib\site-packages (from stack_data->ipython>=7.23.1->ipykernel->apache-airflow-providers-papermill->-r requirements.txt (line 12)) (3.0.0)
Requirement already satisfied: pure-eval in c:\users\shivam gupta\onedrive\documents\shivam_developement\batchetlpyspark-20250723\.venv\lib\site-packages (from stack_data->ipython>=7.23.1->ipykernel->apache-airflow-providers-papermill->-r requirements.txt (line 12)) (0.2.3)
Requirement already satisfied: proto-plus<2.0.0,>=1.22.3 in c:\users\shivam gupta\onedrive\documents\shivam_developement\batchetlpyspark-20250723\.venv\lib\site-packages (from google-api-core<3.0.0,>=2.15.0->google-cloud-storage->gcsfs>=0.2.0->papermill[all]>=2.4.0->apache-airflow-providers-papermill->-r requirements.txt (line 12)) (1.26.1)
Requirement already satisfied: pyasn1<0.7.0,>=0.6.1 in c:\users\shivam gupta\onedrive\documents\shivam_developement\batchetlpyspark-20250723\.venv\lib\site-packages (from pyasn1-modules>=0.2.1->google-auth>=1.2->gcsfs>=0.2.0->papermill[all]>=2.4.0->apache-airflow-providers-papermill->-r requirements.txt (line 12)) (0.6.1)
Requirement already satisfied: oauthlib>=3.0.0 in c:\users\shivam gupta\onedrive\documents\shivam_developement\batchetlpyspark-20250723\.venv\lib\site-packages (from requests-oauthlib>=0.7.0->google-auth-oauthlib->gcsfs>=0.2.0->papermill[all]>=2.4.0->apache-airflow-providers-papermill->-r requirements.txt (line 12)) (3.3.1)
[INFO] Encrypting .env with sops... 
[INFO] Using .sops.yaml config 
[INFO] Starting Airflow via Docker Compose... 
[INFO] Waiting for DAG to be parsed... 
[INFO] DAG not yet parsed. Waiting... (10 retries left
[INFO] DAG not yet parsed. Waiting... (9 retries left
[INFO] DAG not yet parsed. Waiting... (8 retries left
[INFO] DAG not yet parsed. Waiting... (7 retries left
[INFO] DAG not yet parsed. Waiting... (6 retries left
[INFO] DAG not yet parsed. Waiting... (5 retries left
[INFO] DAG not yet parsed. Waiting... (4 retries left
[INFO] DAG not yet parsed. Waiting... (3 retries left
[INFO] DAG not yet parsed. Waiting... (2 retries left
[INFO] DAG not yet parsed. Waiting... (1 retries left
[SUCCESS] Full pipeline execution complete. 
